<?xml version="1.0" encoding="UTF-8"?>
<!-- Generated by org.testng.reporters.JUnitXMLReporter -->
<testsuite ignored="4" hostname="PREDATOR" failures="0" tests="2" name="Default test" time="54.34" errors="0" timestamp="2024-10-21T23:14:33 IST">
  <testcase classname="org.GreenKartAutomation.TestClasses.PurchaseOrderTests" name="AutoReturnHome" time="25.287">
    <skipped/>
  </testcase> <!-- AutoReturnHome -->
  <testcase classname="org.GreenKartAutomation.TestClasses.PurchaseOrderTests" name="AutoReturnHome" time="20.05"/>
  <testcase classname="org.GreenKartAutomation.TestClasses.PurchaseOrderTests" name="PurchaseWithoutTermCondition" time="0.0">
    <ignored/>
  </testcase> <!-- PurchaseWithoutTermCondition -->
  <testcase classname="org.GreenKartAutomation.TestClasses.PurchaseOrderTests" name="PositivePurchase" time="0.0">
    <ignored/>
  </testcase> <!-- PositivePurchase -->
  <testcase classname="org.GreenKartAutomation.TestClasses.PurchaseOrderTests" name="PurchaseWithoutCountry" time="0.0">
    <ignored/>
  </testcase> <!-- PurchaseWithoutCountry -->
  <testcase classname="org.GreenKartAutomation.TestClasses.PurchaseOrderTests" name="EmptyCartPurchase" time="0.0">
    <ignored/>
  </testcase> <!-- EmptyCartPurchase -->
</testsuite> <!-- Default test -->
