<?xml version="1.0" encoding="UTF-8"?>
<!-- Generated by org.testng.reporters.JUnitXMLReporter -->
<testsuite ignored="0" hostname="PREDATOR" failures="2" tests="7" name="AddToCart" time="44.867" errors="0" timestamp="2024-10-21T23:48:12 IST">
  <testcase classname="org.GreenKartAutomation.TestClasses.AddToCartTests" name="AddingToCart" time="3.902"/>
  <testcase classname="org.GreenKartAutomation.TestClasses.AddToCartTests" name="EmptyCartCheckout" time="0.095">
    <failure type="java.lang.AssertionError" message="expected [false] but found [true]">
      <![CDATA[java.lang.AssertionError: expected [false] but found [true]
at org.GreenKartAutomation.TestClasses.AddToCartTests.EmptyCartCheckout(AddToCartTests.java:30)
at java.base/java.util.ArrayList.forEach(ArrayList.java:1511)
... Removed 29 stack frames]]>
    </failure>
  </testcase> <!-- EmptyCartCheckout -->
  <testcase classname="org.GreenKartAutomation.TestClasses.AddToCartTests" name="EmptyCartText" time="1.674"/>
  <testcase classname="org.GreenKartAutomation.TestClasses.AddToCartTests" name="FooterText" time="0.024"/>
  <testcase classname="org.GreenKartAutomation.TestClasses.AddToCartTests" name="ItemCount" time="7.097"/>
  <testcase classname="org.GreenKartAutomation.TestClasses.AddToCartTests" name="PageTitle" time="0.009"/>
  <testcase classname="org.GreenKartAutomation.TestClasses.AddToCartTests" name="RefreshCart" time="5.482">
    <failure type="java.lang.AssertionError" message="expected [4] but found [0]">
      <![CDATA[java.lang.AssertionError: expected [4] but found [0]
at org.GreenKartAutomation.TestClasses.AddToCartTests.RefreshCart(AddToCartTests.java:46)
at java.base/java.util.ArrayList.forEach(ArrayList.java:1511)
... Removed 32 stack frames]]>
    </failure>
  </testcase> <!-- RefreshCart -->
</testsuite> <!-- AddToCart -->
