<?xml version="1.0" encoding="UTF-8"?>
<!-- Generated by org.testng.reporters.JUnitXMLReporter -->
<testsuite ignored="0" hostname="PREDATOR" failures="0" tests="4" name="PromoCode" time="48.856" errors="0" timestamp="2024-10-21T23:47:27 IST">
  <testcase classname="org.GreenKartAutomation.TestClasses.PromoCodeTests" name="EmptyPromoCodeDiscount" time="6.02"/>
  <testcase classname="org.GreenKartAutomation.TestClasses.PromoCodeTests" name="EmptyStringPromoCode" time="6.126"/>
  <testcase classname="org.GreenKartAutomation.TestClasses.PromoCodeTests" name="InvalidPromoCodeDiscount" time="11.182"/>
  <testcase classname="org.GreenKartAutomation.TestClasses.PromoCodeTests" name="ValidPromoCodeDiscount" time="11.101"/>
</testsuite> <!-- PromoCode -->
